<?xml version="1.0" encoding="UTF-8"?>
<testsuites>
  <testsuite name="App\\Tests" tests="14" assertions="22" errors="0" failures="0" skipped="0" time="0.022453">
    <testsuite name="AppTest\Handler\PingHandlerTest" file="/home/rafael/Documentos/projetos/cleanArchitecture/clean-architecture-php/test/AppTest/Handler/PingHandlerTest.php" tests="1" assertions="2" errors="0" failures="0" skipped="0" time="0.011659">
      <testcase name="testResponse" class="AppTest\Handler\PingHandlerTest" classname="AppTest.Handler.PingHandlerTest" file="/home/rafael/Documentos/projetos/cleanArchitecture/clean-architecture-php/test/AppTest/Handler/PingHandlerTest.php" line="14" assertions="2" time="0.011659"/>
    </testsuite>
    <testsuite name="TodoItemTest\Controller\HandlerFactoryTest" file="/home/rafael/Documentos/projetos/cleanArchitecture/clean-architecture-php/test/TodoItemTest/Controller/HandlerFactoryTest.php" tests="1" assertions="1" errors="0" failures="0" skipped="0" time="0.002168">
      <testcase name="testFactory" class="TodoItemTest\Controller\HandlerFactoryTest" classname="TodoItemTest.Controller.HandlerFactoryTest" file="/home/rafael/Documentos/projetos/cleanArchitecture/clean-architecture-php/test/TodoItemTest/Controller/HandlerFactoryTest.php" line="16" assertions="1" time="0.002168"/>
    </testsuite>
    <testsuite name="TodoItemTest\Controller\IndexHandlerTest" file="/home/rafael/Documentos/projetos/cleanArchitecture/clean-architecture-php/test/TodoItemTest/Controller/IndexHandlerTest.php" tests="1" assertions="1" errors="0" failures="0" skipped="0" time="0.002327">
      <testcase name="testReturnsJsonResponse" class="TodoItemTest\Controller\IndexHandlerTest" classname="TodoItemTest.Controller.IndexHandlerTest" file="/home/rafael/Documentos/projetos/cleanArchitecture/clean-architecture-php/test/TodoItemTest/Controller/IndexHandlerTest.php" line="18" assertions="1" time="0.002327"/>
    </testsuite>
    <testsuite name="TodoItemTest\Controller\PostHandlerTest" file="/home/rafael/Documentos/projetos/cleanArchitecture/clean-architecture-php/test/TodoItemTest/Controller/PostHandlerTest.php" tests="1" assertions="1" errors="0" failures="0" skipped="0" time="0.003230">
      <testcase name="testReturnsJsonResponse" class="TodoItemTest\Controller\PostHandlerTest" classname="TodoItemTest.Controller.PostHandlerTest" file="/home/rafael/Documentos/projetos/cleanArchitecture/clean-architecture-php/test/TodoItemTest/Controller/PostHandlerTest.php" line="19" assertions="1" time="0.003230"/>
    </testsuite>
    <testsuite name="TodoItemTest\Driver\SqliteRepositoryFactoryTest" file="/home/rafael/Documentos/projetos/cleanArchitecture/clean-architecture-php/test/TodoItemTest/Driver/SqliteRepositoryFactoryTest.php" tests="1" assertions="1" errors="0" failures="0" skipped="0" time="0.001097">
      <testcase name="testFactory" class="TodoItemTest\Driver\SqliteRepositoryFactoryTest" classname="TodoItemTest.Driver.SqliteRepositoryFactoryTest" file="/home/rafael/Documentos/projetos/cleanArchitecture/clean-architecture-php/test/TodoItemTest/Driver/SqliteRepositoryFactoryTest.php" line="15" assertions="1" time="0.001097"/>
    </testsuite>
    <testsuite name="TodoItemTest\Driver\SqliteRepositoryTest" file="/home/rafael/Documentos/projetos/cleanArchitecture/clean-architecture-php/test/TodoItemTest/Driver/SqliteRepositoryTest.php" tests="4" assertions="7" errors="0" failures="0" skipped="0" time="0.001559">
      <testcase name="testStore" class="TodoItemTest\Driver\SqliteRepositoryTest" classname="TodoItemTest.Driver.SqliteRepositoryTest" file="/home/rafael/Documentos/projetos/cleanArchitecture/clean-architecture-php/test/TodoItemTest/Driver/SqliteRepositoryTest.php" line="23" assertions="1" time="0.000578"/>
      <testcase name="testSearchAndFindAll" class="TodoItemTest\Driver\SqliteRepositoryTest" classname="TodoItemTest.Driver.SqliteRepositoryTest" file="/home/rafael/Documentos/projetos/cleanArchitecture/clean-architecture-php/test/TodoItemTest/Driver/SqliteRepositoryTest.php" line="34" assertions="3" time="0.000370"/>
      <testcase name="testFindSingleTodo" class="TodoItemTest\Driver\SqliteRepositoryTest" classname="TodoItemTest.Driver.SqliteRepositoryTest" file="/home/rafael/Documentos/projetos/cleanArchitecture/clean-architecture-php/test/TodoItemTest/Driver/SqliteRepositoryTest.php" line="56" assertions="1" time="0.000305"/>
      <testcase name="testDelete" class="TodoItemTest\Driver\SqliteRepositoryTest" classname="TodoItemTest.Driver.SqliteRepositoryTest" file="/home/rafael/Documentos/projetos/cleanArchitecture/clean-architecture-php/test/TodoItemTest/Driver/SqliteRepositoryTest.php" line="67" assertions="2" time="0.000306"/>
    </testsuite>
    <testsuite name="TodoItemTest\UseCase\ServiceTest" file="/home/rafael/Documentos/projetos/cleanArchitecture/clean-architecture-php/test/TodoItemTest/UseCase/ServiceTest.php" tests="5" assertions="9" errors="0" failures="0" skipped="0" time="0.000413">
      <testcase name="testStore" class="TodoItemTest\UseCase\ServiceTest" classname="TodoItemTest.UseCase.ServiceTest" file="/home/rafael/Documentos/projetos/cleanArchitecture/clean-architecture-php/test/TodoItemTest/UseCase/ServiceTest.php" line="23" assertions="1" time="0.000249"/>
      <testcase name="testFindSingleTodo" class="TodoItemTest\UseCase\ServiceTest" classname="TodoItemTest.UseCase.ServiceTest" file="/home/rafael/Documentos/projetos/cleanArchitecture/clean-architecture-php/test/TodoItemTest/UseCase/ServiceTest.php" line="34" assertions="1" time="0.000054"/>
      <testcase name="testSearchAndFindNone" class="TodoItemTest\UseCase\ServiceTest" classname="TodoItemTest.UseCase.ServiceTest" file="/home/rafael/Documentos/projetos/cleanArchitecture/clean-architecture-php/test/TodoItemTest/UseCase/ServiceTest.php" line="45" assertions="1" time="0.000038"/>
      <testcase name="testSearchAndFindAll" class="TodoItemTest\UseCase\ServiceTest" classname="TodoItemTest.UseCase.ServiceTest" file="/home/rafael/Documentos/projetos/cleanArchitecture/clean-architecture-php/test/TodoItemTest/UseCase/ServiceTest.php" line="57" assertions="5" time="0.000042"/>
      <testcase name="testDelete" class="TodoItemTest\UseCase\ServiceTest" classname="TodoItemTest.UseCase.ServiceTest" file="/home/rafael/Documentos/projetos/cleanArchitecture/clean-architecture-php/test/TodoItemTest/UseCase/ServiceTest.php" line="81" assertions="1" time="0.000030"/>
    </testsuite>
  </testsuite>
</testsuites>
