<?xml version="1.0" encoding="UTF-8"?>
<testsuites>
  <testsuite name="App\\Tests" tests="14" assertions="22" errors="0" failures="0" skipped="0" time="0.438230">
    <testsuite name="AppTest\Handler\PingHandlerTest" file="/home/rafael/Documentos/projetos/cleanArchitecture/clean-architecture-php/test/AppTest/Handler/PingHandlerTest.php" tests="1" assertions="2" errors="0" failures="0" skipped="0" time="0.011493">
      <testcase name="testResponse" class="AppTest\Handler\PingHandlerTest" classname="AppTest.Handler.PingHandlerTest" file="/home/rafael/Documentos/projetos/cleanArchitecture/clean-architecture-php/test/AppTest/Handler/PingHandlerTest.php" line="14" assertions="2" time="0.011493"/>
    </testsuite>
    <testsuite name="TodoItemTest\Controller\HandlerFactoryTest" file="/home/rafael/Documentos/projetos/cleanArchitecture/clean-architecture-php/test/TodoItemTest/Controller/HandlerFactoryTest.php" tests="1" assertions="1" errors="0" failures="0" skipped="0" time="0.002973">
      <testcase name="testFactory" class="TodoItemTest\Controller\HandlerFactoryTest" classname="TodoItemTest.Controller.HandlerFactoryTest" file="/home/rafael/Documentos/projetos/cleanArchitecture/clean-architecture-php/test/TodoItemTest/Controller/HandlerFactoryTest.php" line="16" assertions="1" time="0.002973"/>
    </testsuite>
    <testsuite name="TodoItemTest\Controller\IndexHandlerTest" file="/home/rafael/Documentos/projetos/cleanArchitecture/clean-architecture-php/test/TodoItemTest/Controller/IndexHandlerTest.php" tests="1" assertions="1" errors="0" failures="0" skipped="0" time="0.002428">
      <testcase name="testReturnsJsonResponse" class="TodoItemTest\Controller\IndexHandlerTest" classname="TodoItemTest.Controller.IndexHandlerTest" file="/home/rafael/Documentos/projetos/cleanArchitecture/clean-architecture-php/test/TodoItemTest/Controller/IndexHandlerTest.php" line="18" assertions="1" time="0.002428"/>
    </testsuite>
    <testsuite name="TodoItemTest\Controller\PostHandlerTest" file="/home/rafael/Documentos/projetos/cleanArchitecture/clean-architecture-php/test/TodoItemTest/Controller/PostHandlerTest.php" tests="1" assertions="1" errors="0" failures="0" skipped="0" time="0.003225">
      <testcase name="testReturnsJsonResponse" class="TodoItemTest\Controller\PostHandlerTest" classname="TodoItemTest.Controller.PostHandlerTest" file="/home/rafael/Documentos/projetos/cleanArchitecture/clean-architecture-php/test/TodoItemTest/Controller/PostHandlerTest.php" line="19" assertions="1" time="0.003225"/>
    </testsuite>
    <testsuite name="TodoItemTest\Driver\SqliteRepositoryFactoryTest" file="/home/rafael/Documentos/projetos/cleanArchitecture/clean-architecture-php/test/TodoItemTest/Driver/SqliteRepositoryFactoryTest.php" tests="1" assertions="1" errors="0" failures="0" skipped="0" time="0.411282">
      <testcase name="testFactory" class="TodoItemTest\Driver\SqliteRepositoryFactoryTest" classname="TodoItemTest.Driver.SqliteRepositoryFactoryTest" file="/home/rafael/Documentos/projetos/cleanArchitecture/clean-architecture-php/test/TodoItemTest/Driver/SqliteRepositoryFactoryTest.php" line="15" assertions="1" time="0.411282"/>
    </testsuite>
    <testsuite name="TodoItemTest\Driver\SqliteRepositoryTest" file="/home/rafael/Documentos/projetos/cleanArchitecture/clean-architecture-php/test/TodoItemTest/Driver/SqliteRepositoryTest.php" tests="4" assertions="7" errors="0" failures="0" skipped="0" time="0.005556">
      <testcase name="testStore" class="TodoItemTest\Driver\SqliteRepositoryTest" classname="TodoItemTest.Driver.SqliteRepositoryTest" file="/home/rafael/Documentos/projetos/cleanArchitecture/clean-architecture-php/test/TodoItemTest/Driver/SqliteRepositoryTest.php" line="23" assertions="1" time="0.002169"/>
      <testcase name="testSearchAndFindAll" class="TodoItemTest\Driver\SqliteRepositoryTest" classname="TodoItemTest.Driver.SqliteRepositoryTest" file="/home/rafael/Documentos/projetos/cleanArchitecture/clean-architecture-php/test/TodoItemTest/Driver/SqliteRepositoryTest.php" line="33" assertions="3" time="0.001439"/>
      <testcase name="testFindSingleTodo" class="TodoItemTest\Driver\SqliteRepositoryTest" classname="TodoItemTest.Driver.SqliteRepositoryTest" file="/home/rafael/Documentos/projetos/cleanArchitecture/clean-architecture-php/test/TodoItemTest/Driver/SqliteRepositoryTest.php" line="54" assertions="1" time="0.001096"/>
      <testcase name="testDelete" class="TodoItemTest\Driver\SqliteRepositoryTest" classname="TodoItemTest.Driver.SqliteRepositoryTest" file="/home/rafael/Documentos/projetos/cleanArchitecture/clean-architecture-php/test/TodoItemTest/Driver/SqliteRepositoryTest.php" line="64" assertions="2" time="0.000852"/>
    </testsuite>
    <testsuite name="TodoItemTest\UseCase\ServiceTest" file="/home/rafael/Documentos/projetos/cleanArchitecture/clean-architecture-php/test/TodoItemTest/UseCase/ServiceTest.php" tests="5" assertions="9" errors="0" failures="0" skipped="0" time="0.001272">
      <testcase name="testStore" class="TodoItemTest\UseCase\ServiceTest" classname="TodoItemTest.UseCase.ServiceTest" file="/home/rafael/Documentos/projetos/cleanArchitecture/clean-architecture-php/test/TodoItemTest/UseCase/ServiceTest.php" line="23" assertions="1" time="0.000622"/>
      <testcase name="testFindSingleTodo" class="TodoItemTest\UseCase\ServiceTest" classname="TodoItemTest.UseCase.ServiceTest" file="/home/rafael/Documentos/projetos/cleanArchitecture/clean-architecture-php/test/TodoItemTest/UseCase/ServiceTest.php" line="33" assertions="1" time="0.000166"/>
      <testcase name="testSearchAndFindNone" class="TodoItemTest\UseCase\ServiceTest" classname="TodoItemTest.UseCase.ServiceTest" file="/home/rafael/Documentos/projetos/cleanArchitecture/clean-architecture-php/test/TodoItemTest/UseCase/ServiceTest.php" line="43" assertions="1" time="0.000147"/>
      <testcase name="testSearchAndFindAll" class="TodoItemTest\UseCase\ServiceTest" classname="TodoItemTest.UseCase.ServiceTest" file="/home/rafael/Documentos/projetos/cleanArchitecture/clean-architecture-php/test/TodoItemTest/UseCase/ServiceTest.php" line="54" assertions="5" time="0.000168"/>
      <testcase name="testDelete" class="TodoItemTest\UseCase\ServiceTest" classname="TodoItemTest.UseCase.ServiceTest" file="/home/rafael/Documentos/projetos/cleanArchitecture/clean-architecture-php/test/TodoItemTest/UseCase/ServiceTest.php" line="76" assertions="1" time="0.000169"/>
    </testsuite>
  </testsuite>
</testsuites>
